<?xml version="1.0" encoding="UTF-8"?>
<!-- Generated by org.testng.reporters.JUnitReportReporter -->
<testsuite hostname="Laptop-OBS-264" failures="0" tests="2" name="tests.TestScenario2" time="209.818" errors="0" timestamp="28 Nov 2023 11:14:53 GMT" skipped="0">
  <testcase classname="tests.TestScenario2" name="TestCase3" time="105.688"/>
  <testcase classname="tests.TestScenario2" name="TestCase4" time="104.130"/>
</testsuite> <!-- tests.TestScenario2 -->
