<?xml version="1.0" encoding="UTF-8"?>
<!-- Generated by org.testng.reporters.JUnitReportReporter -->
<testsuite hostname="Laptop-OBS-264" failures="0" tests="2" name="tests.TestScenario1" time="206.173" errors="0" timestamp="15 Nov 2023 08:07:10 GMT" skipped="0">
  <testcase classname="tests.TestScenario1" name="TestCase1" time="134.935"/>
  <testcase classname="tests.TestScenario1" name="TestCase2" time="71.238"/>
</testsuite> <!-- tests.TestScenario1 -->
