<?xml version="1.0" encoding="UTF-8"?>
<!-- Generated by org.testng.reporters.JUnitReportReporter -->
<testsuite hostname="Laptop-OBS-264" failures="0" tests="2" name="tests.TestScenario1" time="254.756" errors="0" timestamp="28 Nov 2023 11:14:53 GMT" skipped="0">
  <testcase classname="tests.TestScenario1" name="TestCase1" time="154.508"/>
  <testcase classname="tests.TestScenario1" name="TestCase2" time="100.248"/>
</testsuite> <!-- tests.TestScenario1 -->
