<?xml version="1.0" encoding="UTF-8"?>
<!-- Generated by org.testng.reporters.JUnitReportReporter -->
<testsuite hostname="Laptop-OBS-264" failures="0" tests="1" name="tests.TestScenario1" time="73.754" errors="0" timestamp="28 Aug 2023 09:20:12 GMT" skipped="0">
  <testcase classname="tests.TestScenario1" name="TestCase1" time="73.754"/>
</testsuite> <!-- tests.TestScenario1 -->
