<?xml version="1.0" encoding="UTF-8"?>
<!-- Generated by org.testng.reporters.JUnitReportReporter -->
<testsuite hostname="Laptop-OBS-264" failures="0" tests="1" name="tests.TestScenario2" time="115.616" errors="0" timestamp="21 Nov 2023 10:32:25 GMT" skipped="0">
  <testcase classname="tests.TestScenario2" name="TestCase4" time="115.616"/>
</testsuite> <!-- tests.TestScenario2 -->
