<?xml version="1.0" encoding="UTF-8"?>
<!-- Generated by org.testng.reporters.JUnitReportReporter -->
<testsuite hostname="Laptop-OBS-264" failures="0" tests="3" name="tests.TestScenario2" time="81.073" errors="0" timestamp="08 Nov 2023 12:57:30 GMT" skipped="0">
  <testcase classname="tests.TestScenario2" name="TestCase6" time="26.147"/>
  <testcase classname="tests.TestScenario2" name="TestCase4" time="33.850"/>
  <testcase classname="tests.TestScenario2" name="TestCase5" time="21.076"/>
</testsuite> <!-- tests.TestScenario2 -->
